<!DOCTYPE html PUBLIC "-//W3C//DTD XHTML 1.1//EN" "http://www.w3.org/TR/xhtml11/DTD/xhtml11.dtd">
<html xmlns="http://www.w3.org/1999/xhtml"><head><title>TestNG Report</title><style type="text/css">table {margin-bottom:10px;border-collapse:collapse;empty-cells:show}th,td {border:1px solid #009;padding:.25em .5em}th {vertical-align:bottom}td {vertical-align:top}table a {font-weight:bold}.stripe td {background-color: #E6EBF9}.num {text-align:right}.passedodd td {background-color: #3F3}.passedeven td {background-color: #0A0}.skippedodd td {background-color: #DDD}.skippedeven td {background-color: #CCC}.failedodd td,.attn {background-color: #F33}.failedeven td,.stripe .attn {background-color: #D00}.stacktrace {white-space:pre;font-family:monospace}.totop {font-size:85%;text-align:center;border-bottom:2px solid #000}</style></head><body><table><tr><th>Test</th><th># Passed</th><th># Skipped</th><th># Failed</th><th>Time (ms)</th><th>Included Groups</th><th>Excluded Groups</th></tr><tr><th colspan="7">Default suite</th></tr><tr><td><a href="#t0">Default test</a></td><td class="num">0</td><td class="num">0</td><td class="num attn">1</td><td class="num">54,900</td><td></td><td></td></tr></table><table><thead><tr><th>Class</th><th>Method</th><th>Start</th><th>Time (ms)</th></tr></thead><tbody><tr><th colspan="4">Default suite</th></tr></tbody><tbody id="t0"><tr><th colspan="4">Default test &#8212; failed</th></tr><tr class="failedeven"><td rowspan="1">SampleCode.FisrtScript</td><td><a href="#m0">abc</a></td><td rowspan="1">1507921752099</td><td rowspan="1">54863</td></tr></tbody></table><h2>Default test</h2><h3 id="m0">SampleCode.FisrtScript#abc</h3><table class="result"><tr><th>Exception</th></tr><tr><td><div class="stacktrace">org.openqa.selenium.WebDriverException: Failed to connect to binary FirefoxBinary(C:\Program Files (x86)\Mozilla Firefox\firefox.exe) on port 7055; process output follows: 
pi-utils	DEBUG	Successfully read XPI database
1507921765636	DeferredSave.webext.sc.lz4	DEBUG	Save changes
1507921765636	DeferredSave.webext.sc.lz4	DEBUG	Starting timer
1507921765717	DeferredSave.webext.sc.lz4	DEBUG	Save changes
1507921765718	DeferredSave.webext.sc.lz4	DEBUG	Save changes
1507921765719	DeferredSave.webext.sc.lz4	DEBUG	Save changes
1507921765721	DeferredSave.webext.sc.lz4	DEBUG	Save changes
1507921765723	DeferredSave.webext.sc.lz4	DEBUG	Save changes
1507921765725	DeferredSave.webext.sc.lz4	DEBUG	Save changes
1507921765726	DeferredSave.webext.sc.lz4	DEBUG	Save changes
1507921765727	DeferredSave.webext.sc.lz4	DEBUG	Save changes
1507921765729	DeferredSave.webext.sc.lz4	DEBUG	Save changes
1507921765730	DeferredSave.webext.sc.lz4	DEBUG	Save changes
1507921765731	DeferredSave.webext.sc.lz4	DEBUG	Save changes
1507921765732	DeferredSave.webext.sc.lz4	DEBUG	Save changes
1507921765733	DeferredSave.webext.sc.lz4	DEBUG	Save changes
1507921765734	DeferredSave.webext.sc.lz4	DEBUG	Save changes
1507921765735	DeferredSave.webext.sc.lz4	DEBUG	Save changes
1507921765736	DeferredSave.webext.sc.lz4	DEBUG	Save changes
1507921765737	DeferredSave.webext.sc.lz4	DEBUG	Save changes
1507921765738	DeferredSave.webext.sc.lz4	DEBUG	Save changes
1507921765739	DeferredSave.webext.sc.lz4	DEBUG	Save changes
1507921765739	DeferredSave.webext.sc.lz4	DEBUG	Save changes
1507921765742	DeferredSave.webext.sc.lz4	DEBUG	Save changes
1507921765743	DeferredSave.webext.sc.lz4	DEBUG	Save changes
1507921765745	DeferredSave.webext.sc.lz4	DEBUG	Save changes
1507921765745	DeferredSave.webext.sc.lz4	DEBUG	Save changes
1507921765746	DeferredSave.webext.sc.lz4	DEBUG	Save changes
1507921765747	DeferredSave.webext.sc.lz4	DEBUG	Save changes
1507921765747	DeferredSave.webext.sc.lz4	DEBUG	Save changes
1507921765748	DeferredSave.webext.sc.lz4	DEBUG	Save changes
1507921765750	DeferredSave.webext.sc.lz4	DEBUG	Save changes
1507921765750	DeferredSave.webext.sc.lz4	DEBUG	Save changes
1507921765751	DeferredSave.webext.sc.lz4	DEBUG	Save changes
1507921765752	DeferredSave.webext.sc.lz4	DEBUG	Save changes
1507921765753	DeferredSave.webext.sc.lz4	DEBUG	Save changes
1507921765754	DeferredSave.webext.sc.lz4	DEBUG	Save changes
1507921765755	DeferredSave.webext.sc.lz4	DEBUG	Save changes
1507921765755	DeferredSave.webext.sc.lz4	DEBUG	Save changes
1507921765756	DeferredSave.webext.sc.lz4	DEBUG	Save changes
1507921765756	DeferredSave.webext.sc.lz4	DEBUG	Save changes
1507921765758	DeferredSave.webext.sc.lz4	DEBUG	Save changes
1507921765759	DeferredSave.webext.sc.lz4	DEBUG	Save changes
1507921765759	DeferredSave.webext.sc.lz4	DEBUG	Save changes
1507921765761	DeferredSave.webext.sc.lz4	DEBUG	Save changes
1507921765761	DeferredSave.webext.sc.lz4	DEBUG	Save changes
1507921765762	DeferredSave.webext.sc.lz4	DEBUG	Save changes
1507921765764	DeferredSave.webext.sc.lz4	DEBUG	Save changes
1507921765776	DeferredSave.webext.sc.lz4	DEBUG	Save changes
1507921765777	DeferredSave.webext.sc.lz4	DEBUG	Save changes
1507921765781	DeferredSave.webext.sc.lz4	DEBUG	Save changes
1507921765784	DeferredSave.webext.sc.lz4	DEBUG	Save changes
1507921765795	DeferredSave.webext.sc.lz4	DEBUG	Save changes
1507921765823	DeferredSave.webext.sc.lz4	DEBUG	Save changes
1507921769399	addons.productaddons	INFO	sending request to: https://aus5.mozilla.org/update/3/GMP/56.0/20170926190823/WINNT_x86-msvc-x64/en-US/release/Windows_NT%2010.0.0.0%20(x64)/default/default/update.xml
1507921770457	addons.productaddons	INFO	Completed downloading document
1507921770647	DeferredSave.webext.sc.lz4	DEBUG	Starting write
1507921770652	DeferredSave.webext.sc.lz4	DEBUG	Write succeeded
1507921772548	addons.productaddons	INFO	downloadXHR File download. status=200
1507921772551	addons.productaddons	INFO	Downloaded file will be saved to C:\Users\chara\AppData\Local\Temp\tmpaddon-cfcec1
1507921781610	addons.productaddons	INFO	downloadXHR File download. status=200
1507921781613	addons.productaddons	INFO	Downloaded file will be saved to C:\Users\chara\AppData\Local\Temp\tmpaddon-6e8cd0

Build info: version: &apos;2.40.0&apos;, revision: &apos;fbe29a9&apos;, time: &apos;2014-02-19 20:55:11&apos;
System info: host: &apos;DESKTOP-ISPJPRH&apos;, ip: &apos;192.168.199.1&apos;, os.name: &apos;Windows 10&apos;, os.arch: &apos;amd64&apos;, os.version: &apos;10.0&apos;, java.version: &apos;1.8.0_101&apos;
Driver info: driver.version: FirefoxDriver
	at org.openqa.selenium.firefox.internal.NewProfileExtensionConnection.start(NewProfileExtensionConnection.java:130)
	at org.openqa.selenium.firefox.FirefoxDriver.startClient(FirefoxDriver.java:247)
	at org.openqa.selenium.remote.RemoteWebDriver.&lt;init&gt;(RemoteWebDriver.java:112)
	at org.openqa.selenium.firefox.FirefoxDriver.&lt;init&gt;(FirefoxDriver.java:194)
	at org.openqa.selenium.firefox.FirefoxDriver.&lt;init&gt;(FirefoxDriver.java:187)
	at org.openqa.selenium.firefox.FirefoxDriver.&lt;init&gt;(FirefoxDriver.java:183)
	at org.openqa.selenium.firefox.FirefoxDriver.&lt;init&gt;(FirefoxDriver.java:96)
	at SampleCode.FisrtScript.abc(FisrtScript.java:11)
	at sun.reflect.NativeMethodAccessorImpl.invoke0(Native Method)
	at sun.reflect.NativeMethodAccessorImpl.invoke(NativeMethodAccessorImpl.java:62)
	at sun.reflect.DelegatingMethodAccessorImpl.invoke(DelegatingMethodAccessorImpl.java:43)
	at java.lang.reflect.Method.invoke(Method.java:498)
	at org.testng.internal.MethodInvocationHelper.invokeMethod(MethodInvocationHelper.java:84)
	at org.testng.internal.Invoker.invokeMethod(Invoker.java:714)
	at org.testng.internal.Invoker.invokeTestMethod(Invoker.java:901)
	at org.testng.internal.Invoker.invokeTestMethods(Invoker.java:1231)
	at org.testng.internal.TestMethodWorker.invokeTestMethods(TestMethodWorker.java:127)
	at org.testng.internal.TestMethodWorker.run(TestMethodWorker.java:111)
	at org.testng.TestRunner.privateRun(TestRunner.java:767)
	at org.testng.TestRunner.run(TestRunner.java:617)
	at org.testng.SuiteRunner.runTest(SuiteRunner.java:334)
	at org.testng.SuiteRunner.runSequentially(SuiteRunner.java:329)
	at org.testng.SuiteRunner.privateRun(SuiteRunner.java:291)
	at org.testng.SuiteRunner.run(SuiteRunner.java:240)
	at org.testng.SuiteRunnerWorker.runSuite(SuiteRunnerWorker.java:52)
	at org.testng.SuiteRunnerWorker.run(SuiteRunnerWorker.java:86)
	at org.testng.TestNG.runSuitesSequentially(TestNG.java:1224)
	at org.testng.TestNG.runSuitesLocally(TestNG.java:1149)
	at org.testng.TestNG.run(TestNG.java:1057)
	at org.testng.remote.AbstractRemoteTestNG.run(AbstractRemoteTestNG.java:114)
	at org.testng.remote.RemoteTestNG.initAndRun(RemoteTestNG.java:251)
	at org.testng.remote.RemoteTestNG.main(RemoteTestNG.java:77)
Caused by: org.openqa.selenium.firefox.NotConnectedException: Unable to connect to host 127.0.0.1 on port 7055 after 45000 ms. Firefox console output:
pi-utils	DEBUG	Successfully read XPI database
1507921765636	DeferredSave.webext.sc.lz4	DEBUG	Save changes
1507921765636	DeferredSave.webext.sc.lz4	DEBUG	Starting timer
1507921765717	DeferredSave.webext.sc.lz4	DEBUG	Save changes
1507921765718	DeferredSave.webext.sc.lz4	DEBUG	Save changes
1507921765719	DeferredSave.webext.sc.lz4	DEBUG	Save changes
1507921765721	DeferredSave.webext.sc.lz4	DEBUG	Save changes
1507921765723	DeferredSave.webext.sc.lz4	DEBUG	Save changes
1507921765725	DeferredSave.webext.sc.lz4	DEBUG	Save changes
1507921765726	DeferredSave.webext.sc.lz4	DEBUG	Save changes
1507921765727	DeferredSave.webext.sc.lz4	DEBUG	Save changes
1507921765729	DeferredSave.webext.sc.lz4	DEBUG	Save changes
1507921765730	DeferredSave.webext.sc.lz4	DEBUG	Save changes
1507921765731	DeferredSave.webext.sc.lz4	DEBUG	Save changes
1507921765732	DeferredSave.webext.sc.lz4	DEBUG	Save changes
1507921765733	DeferredSave.webext.sc.lz4	DEBUG	Save changes
1507921765734	DeferredSave.webext.sc.lz4	DEBUG	Save changes
1507921765735	DeferredSave.webext.sc.lz4	DEBUG	Save changes
1507921765736	DeferredSave.webext.sc.lz4	DEBUG	Save changes
1507921765737	DeferredSave.webext.sc.lz4	DEBUG	Save changes
1507921765738	DeferredSave.webext.sc.lz4	DEBUG	Save changes
1507921765739	DeferredSave.webext.sc.lz4	DEBUG	Save changes
1507921765739	DeferredSave.webext.sc.lz4	DEBUG	Save changes
1507921765742	DeferredSave.webext.sc.lz4	DEBUG	Save changes
1507921765743	DeferredSave.webext.sc.lz4	DEBUG	Save changes
1507921765745	DeferredSave.webext.sc.lz4	DEBUG	Save changes
1507921765745	DeferredSave.webext.sc.lz4	DEBUG	Save changes
1507921765746	DeferredSave.webext.sc.lz4	DEBUG	Save changes
1507921765747	DeferredSave.webext.sc.lz4	DEBUG	Save changes
1507921765747	DeferredSave.webext.sc.lz4	DEBUG	Save changes
1507921765748	DeferredSave.webext.sc.lz4	DEBUG	Save changes
1507921765750	DeferredSave.webext.sc.lz4	DEBUG	Save changes
1507921765750	DeferredSave.webext.sc.lz4	DEBUG	Save changes
1507921765751	DeferredSave.webext.sc.lz4	DEBUG	Save changes
1507921765752	DeferredSave.webext.sc.lz4	DEBUG	Save changes
1507921765753	DeferredSave.webext.sc.lz4	DEBUG	Save changes
1507921765754	DeferredSave.webext.sc.lz4	DEBUG	Save changes
1507921765755	DeferredSave.webext.sc.lz4	DEBUG	Save changes
1507921765755	DeferredSave.webext.sc.lz4	DEBUG	Save changes
1507921765756	DeferredSave.webext.sc.lz4	DEBUG	Save changes
1507921765756	DeferredSave.webext.sc.lz4	DEBUG	Save changes
1507921765758	DeferredSave.webext.sc.lz4	DEBUG	Save changes
1507921765759	DeferredSave.webext.sc.lz4	DEBUG	Save changes
1507921765759	DeferredSave.webext.sc.lz4	DEBUG	Save changes
1507921765761	DeferredSave.webext.sc.lz4	DEBUG	Save changes
1507921765761	DeferredSave.webext.sc.lz4	DEBUG	Save changes
1507921765762	DeferredSave.webext.sc.lz4	DEBUG	Save changes
1507921765764	DeferredSave.webext.sc.lz4	DEBUG	Save changes
1507921765776	DeferredSave.webext.sc.lz4	DEBUG	Save changes
1507921765777	DeferredSave.webext.sc.lz4	DEBUG	Save changes
1507921765781	DeferredSave.webext.sc.lz4	DEBUG	Save changes
1507921765784	DeferredSave.webext.sc.lz4	DEBUG	Save changes
1507921765795	DeferredSave.webext.sc.lz4	DEBUG	Save changes
1507921765823	DeferredSave.webext.sc.lz4	DEBUG	Save changes
1507921769399	addons.productaddons	INFO	sending request to: https://aus5.mozilla.org/update/3/GMP/56.0/20170926190823/WINNT_x86-msvc-x64/en-US/release/Windows_NT%2010.0.0.0%20(x64)/default/default/update.xml
1507921770457	addons.productaddons	INFO	Completed downloading document
1507921770647	DeferredSave.webext.sc.lz4	DEBUG	Starting write
1507921770652	DeferredSave.webext.sc.lz4	DEBUG	Write succeeded
1507921772548	addons.productaddons	INFO	downloadXHR File download. status=200
1507921772551	addons.productaddons	INFO	Downloaded file will be saved to C:\Users\chara\AppData\Local\Temp\tmpaddon-cfcec1
1507921781610	addons.productaddons	INFO	downloadXHR File download. status=200
1507921781613	addons.productaddons	INFO	Downloaded file will be saved to C:\Users\chara\AppData\Local\Temp\tmpaddon-6e8cd0

	at org.openqa.selenium.firefox.internal.NewProfileExtensionConnection.start(NewProfileExtensionConnection.java:118)
	... 31 more
</div></td></tr></table><p class="totop"><a href="#summary">back to summary</a></p></body></html>